2023-04-02 12:35:24 INFO: ========= adult local-R1.1-nn ===========
2023-04-02 12:45:32 INFO: AUC score:0.866622645013516
2023-04-02 12:45:32 INFO: Accuracy:0.8249654537079687
2023-04-02 12:45:33 INFO: local model classes: ['50K-' '50K+'] 
2023-04-02 12:45:33 INFO: STARTING GENERATION 1
2023-04-02 12:49:30 INFO: STARTING GENERATION 2
2023-04-02 12:51:48 INFO: Elapsed time: 376.0077586174011 seconds
2023-04-02 12:51:48 INFO: SampleSize : 10000
2023-04-02 12:51:48 INFO: ========= bike-sharing-hourly local-R1.1-nn ===========
2023-04-02 12:51:48 INFO: Mean squared error: 1816.532556369196
2023-04-02 12:51:48 INFO: Coefficient of determination: 0.9455507148878669
2023-04-02 12:51:48 INFO: Mean Absolute Error: 26.413117675091573
2023-04-02 12:51:49 INFO: local model classes: [ 86.5014537  211.36321318 104.5003712  ...   2.70505974  11.32006131
   5.48165683] 
2023-04-02 12:51:49 INFO: STARTING GENERATION 1
2023-04-02 12:52:56 INFO: STARTING GENERATION 2
2023-04-02 12:54:49 INFO: Elapsed time: 180.75806760787964 seconds
2023-04-02 12:54:49 INFO: SampleSize : 10000
2023-04-02 12:54:49 INFO: ========= bike-sharing-hourly local-R1.2-nn ===========
2023-04-02 12:54:49 INFO: Mean squared error: 1816.532556369196
2023-04-02 12:54:49 INFO: Coefficient of determination: 0.9455507148878669
2023-04-02 12:54:49 INFO: Mean Absolute Error: 26.413117675091573
2023-04-02 12:54:50 INFO: local model classes: [ 13.76791715   3.6336211  246.14197311 ...  60.94058469  12.55118631
 260.67665998] 
2023-04-02 12:54:50 INFO: STARTING GENERATION 1
2023-04-02 12:56:40 INFO: STARTING GENERATION 2
2023-04-02 12:57:50 INFO: Elapsed time: 181.02636051177979 seconds
2023-04-02 12:57:50 INFO: SampleSize : 10000
2023-04-02 12:57:50 INFO: ========= bike-sharing-hourly local-R1.3-nn ===========
2023-04-02 12:57:50 INFO: Mean squared error: 1816.532556369196
2023-04-02 12:57:50 INFO: Coefficient of determination: 0.9455507148878669
2023-04-02 12:57:50 INFO: Mean Absolute Error: 26.413117675091573
2023-04-02 12:57:51 INFO: local model classes: [182.81097797  88.56483848 303.97369256 ...  72.36744129  82.61951961
  98.13161828] 
2023-04-02 12:57:51 INFO: STARTING GENERATION 1
2023-04-02 12:59:16 INFO: STARTING GENERATION 2
2023-04-02 13:00:31 INFO: Elapsed time: 160.00877618789673 seconds
2023-04-02 13:00:31 INFO: SampleSize : 10000
2023-04-02 13:00:31 INFO: ========= wine-quality local-R1.1-nn ===========
2023-04-02 13:00:31 INFO: Mean squared error: 0.4654030501926519
2023-04-02 13:00:31 INFO: Coefficient of determination: 0.360216602778509
2023-04-02 13:00:31 INFO: Mean Absolute Error: 0.53043258169639
2023-04-02 13:00:36 INFO: local model classes: [5.12406837 4.836033   5.11270845 ... 5.41571172 5.05815744 5.27370675] 
2023-04-02 13:00:36 INFO: STARTING GENERATION 1
2023-04-02 13:04:32 INFO: STARTING GENERATION 2
2023-04-02 13:10:06 INFO: Elapsed time: 575.3959195613861 seconds
2023-04-02 13:10:06 INFO: SampleSize : 10000
2023-04-02 13:10:06 INFO: ========= wine-quality local-R1.2-nn ===========
2023-04-02 13:10:06 INFO: Mean squared error: 0.4654030501926519
2023-04-02 13:10:06 INFO: Coefficient of determination: 0.360216602778509
2023-04-02 13:10:06 INFO: Mean Absolute Error: 0.53043258169639
2023-04-02 13:10:08 INFO: local model classes: [5.00627801 5.05603359 5.02399412 ... 5.1396888  4.8092623  5.18397592] 
2023-04-02 13:10:08 INFO: STARTING GENERATION 1
2023-04-02 13:13:09 INFO: STARTING GENERATION 2
2023-04-02 13:16:59 INFO: Elapsed time: 412.4778485298157 seconds
2023-04-02 13:16:59 INFO: SampleSize : 10000
2023-04-02 13:16:59 INFO: ========= wine-quality local-R1.3-nn ===========
2023-04-02 13:16:59 INFO: Mean squared error: 0.4654030501926519
2023-04-02 13:16:59 INFO: Coefficient of determination: 0.360216602778509
2023-04-02 13:16:59 INFO: Mean Absolute Error: 0.53043258169639
2023-04-02 13:17:00 INFO: local model classes: [5.15215223 4.98311753 5.2123643  ... 4.97365635 5.08232283 5.27898409] 
2023-04-02 13:17:00 INFO: STARTING GENERATION 1
2023-04-02 13:19:35 INFO: STARTING GENERATION 2
2023-04-02 13:23:37 INFO: Elapsed time: 397.461571931839 seconds
2023-04-02 13:23:37 INFO: SampleSize : 10000
