2023-03-31 19:01:00 INFO: ========= iris local-R1.1-RF ===========
2023-03-31 19:01:00 INFO: AUC score:0.9966666666666666
2023-03-31 19:01:00 INFO: Accuracy:0.9666666666666667
2023-03-31 19:01:01 INFO: local model classes: ['Iris-versicolor' 'Iris-virginica' 'Iris-setosa'] 
2023-03-31 19:01:01 INFO: STARTING GENERATION 1
2023-03-31 19:06:11 INFO: STARTING GENERATION 2
2023-03-31 19:09:14 INFO: Elapsed time: 493.65823888778687 seconds
2023-03-31 19:09:14 INFO: SampleSize : 10000
2023-03-31 19:09:14 INFO: ========= iris local-R1.2-RF ===========
2023-03-31 19:09:14 INFO: AUC score:0.9966666666666666
2023-03-31 19:09:14 INFO: Accuracy:0.9666666666666667
2023-03-31 19:09:14 INFO: local model classes: ['Iris-versicolor' 'Iris-virginica' 'Iris-setosa'] 
2023-03-31 19:09:14 INFO: STARTING GENERATION 1
2023-03-31 19:12:07 INFO: STARTING GENERATION 2
2023-03-31 19:14:15 INFO: Elapsed time: 301.181706905365 seconds
2023-03-31 19:14:15 INFO: SampleSize : 10000
2023-03-31 19:14:15 INFO: ========= iris local-R1.3-RF ===========
2023-03-31 19:14:15 INFO: AUC score:0.9966666666666666
2023-03-31 19:14:15 INFO: Accuracy:0.9666666666666667
2023-03-31 19:14:16 INFO: local model classes: ['Iris-versicolor' 'Iris-virginica' 'Iris-setosa'] 
2023-03-31 19:14:16 INFO: STARTING GENERATION 1
2023-03-31 19:16:26 INFO: STARTING GENERATION 2
2023-03-31 19:18:08 INFO: Elapsed time: 232.06985902786255 seconds
2023-03-31 19:18:08 INFO: SampleSize : 10000
