2023-03-31 21:32:16 INFO: ========= dry-bean local-R1.1-RF ===========
2023-03-31 21:32:16 INFO: AUC score:0.9918943664155403
2023-03-31 21:32:16 INFO: Accuracy:0.8975394785163423
2023-03-31 21:32:17 INFO: local model classes: ['SIRA' 'CALI' 'BARBUNYA' 'HOROZ' 'DERMASON'] 
2023-03-31 21:32:17 INFO: STARTING GENERATION 1
2023-03-31 21:37:42 INFO: STARTING GENERATION 2
2023-03-31 21:50:14 INFO: Elapsed time: 1077.8400089740753 seconds
2023-03-31 21:50:14 INFO: SampleSize : 10000
2023-03-31 21:50:14 INFO: ========= dry-bean local-R1.2-RF ===========
2023-03-31 21:50:14 INFO: AUC score:0.9918943664155403
2023-03-31 21:50:14 INFO: Accuracy:0.8975394785163423
2023-03-31 21:50:15 INFO: local model classes: ['CALI' 'BARBUNYA' 'SIRA' 'HOROZ' 'DERMASON'] 
2023-03-31 21:50:15 INFO: STARTING GENERATION 1
2023-03-31 21:55:09 INFO: STARTING GENERATION 2
2023-03-31 22:03:33 INFO: Elapsed time: 798.7428607940674 seconds
2023-03-31 22:03:33 INFO: SampleSize : 10000
2023-03-31 22:03:33 INFO: ========= dry-bean local-R1.3-RF ===========
2023-03-31 22:03:34 INFO: AUC score:0.9918943664155403
2023-03-31 22:03:34 INFO: Accuracy:0.8975394785163423
2023-03-31 22:03:34 INFO: local model classes: ['CALI' 'BARBUNYA' 'SIRA' 'HOROZ'] 
2023-03-31 22:03:34 INFO: STARTING GENERATION 1
2023-03-31 22:26:02 INFO: STARTING GENERATION 2
2023-03-31 23:57:10 INFO: Elapsed time: 6816.453781843185 seconds
2023-03-31 23:57:10 INFO: SampleSize : 10000
2023-03-31 23:57:10 INFO: ========= adult local-R1.1-RF ===========
2023-03-31 23:57:10 INFO: AUC score:0.895921204680052
2023-03-31 23:57:10 INFO: Accuracy:0.8380162751420236
2023-03-31 23:57:11 INFO: local model classes: ['50K-' '50K+'] 
2023-03-31 23:57:11 INFO: STARTING GENERATION 1
2023-04-01 00:00:40 INFO: STARTING GENERATION 2
2023-04-01 00:02:28 INFO: Elapsed time: 317.5021951198578 seconds
2023-04-01 00:02:28 INFO: SampleSize : 10000
2023-04-01 00:02:28 INFO: ========= adult local-R1.2-RF ===========
2023-04-01 00:02:28 INFO: AUC score:0.895921204680052
2023-04-01 00:02:28 INFO: Accuracy:0.8380162751420236
2023-04-01 00:02:28 INFO: local model classes: ['50K-' '50K+'] 
2023-04-01 00:02:28 INFO: STARTING GENERATION 1
2023-04-01 00:06:03 INFO: STARTING GENERATION 2
2023-04-01 00:08:05 INFO: Elapsed time: 337.1468172073364 seconds
2023-04-01 00:08:05 INFO: SampleSize : 10000
2023-04-01 00:08:05 INFO: ========= adult local-R1.3-RF ===========
2023-04-01 00:08:05 INFO: AUC score:0.895921204680052
2023-04-01 00:08:05 INFO: Accuracy:0.8380162751420236
2023-04-01 00:08:06 INFO: local model classes: ['50K-' '50K+'] 
2023-04-01 00:08:06 INFO: STARTING GENERATION 1
2023-04-01 00:11:37 INFO: STARTING GENERATION 2
2023-04-01 00:13:38 INFO: Elapsed time: 332.39812898635864 seconds
2023-04-01 00:13:38 INFO: SampleSize : 10000

