2023-03-31 16:35:48 INFO: ========= iris local-R1.1-RF ===========
2023-03-31 16:35:49 INFO: AUC score:0.9966666666666666
2023-03-31 16:35:49 INFO: Accuracy:0.9666666666666667
2023-03-31 16:35:49 INFO: local model classes: ['Iris-versicolor' 'Iris-virginica' 'Iris-setosa'] 
2023-03-31 16:35:49 INFO: STARTING GENERATION 1
2023-03-31 16:41:26 INFO: STARTING GENERATION 2
2023-03-31 16:45:25 INFO: Elapsed time: 575.7443871498108 seconds
2023-03-31 16:45:25 INFO: SampleSize : 10000
2023-03-31 16:45:25 INFO: ========= iris local-R1.2-RF ===========
2023-03-31 16:45:25 INFO: AUC score:0.9966666666666666
2023-03-31 16:45:25 INFO: Accuracy:0.9666666666666667
2023-03-31 16:45:25 INFO: local model classes: ['Iris-versicolor' 'Iris-virginica' 'Iris-setosa'] 
2023-03-31 16:45:25 INFO: STARTING GENERATION 1
2023-03-31 16:49:44 INFO: STARTING GENERATION 2
2023-03-31 16:53:14 INFO: Elapsed time: 469.72278022766113 seconds
2023-03-31 16:53:14 INFO: SampleSize : 10000
2023-03-31 16:53:14 INFO: ========= iris local-R1.3-RF ===========
2023-03-31 16:53:15 INFO: AUC score:0.9966666666666666
2023-03-31 16:53:15 INFO: Accuracy:0.9666666666666667
2023-03-31 16:53:15 INFO: local model classes: ['Iris-versicolor' 'Iris-virginica' 'Iris-setosa'] 
2023-03-31 16:53:15 INFO: STARTING GENERATION 1
2023-03-31 16:56:58 INFO: STARTING GENERATION 2
2023-03-31 17:00:08 INFO: Elapsed time: 413.8313958644867 seconds
2023-03-31 17:00:08 INFO: SampleSize : 10000
2023-03-31 17:00:08 INFO: ========= dry-bean local-R1.1-RF ===========
2023-03-31 17:00:09 INFO: AUC score:0.9918943664155403
2023-03-31 17:00:09 INFO: Accuracy:0.8975394785163423
2023-03-31 17:00:09 INFO: local model classes: ['DERMASON' 'SEKER' 'SIRA'] 
2023-03-31 17:00:09 INFO: STARTING GENERATION 1
2023-03-31 17:15:05 INFO: STARTING GENERATION 2
